<?xml version="1.0" encoding="UTF-8"?>
<testsuite name="HiddenTests" tests="1" skipped="0" failures="0" errors="0" timestamp="2023-08-03T14:27:27" hostname="roach-MacBookPro.local" time="0.018">
  <properties/>
  <testcase name="testAllPairs()" classname="HiddenTests" time="0.018"/>
  <system-out><![CDATA[]]></system-out>
  <system-err><![CDATA[]]></system-err>
</testsuite>
